{
  "RSpec": {
    "coverage": {
      "/home/michael/rails_projects/CITS3200-Project/plantsuwa/app/models/user.rb": [
        1,
        null,
        1,
        6,
        6,
        null,
        null,
        null,
        1,
        null,
        null,
        1,
        null,
        1,
        null,
        1,
        null,
        null,
        null,
        1,
        null,
        1,
        1,
        null,
        null,
        null,
        null,
        1,
        6,
        null,
        null,
        1,
        6,
        null,
        null,
        null,
        1,
        null,
        1,
        6,
        null,
        null
      ]
    },
    "timestamp": 1408432721
  }
}
